[0117/180248.276:ERROR:crash_report_database_win.cc(455)] unexpected header
[0117/181248.284:ERROR:crash_report_database_win.cc(455)] unexpected header
[0117/181248.287:ERROR:filesystem_win.cc(129)] GetFileAttributes C:\Users\belki\AppData\Local\Google\Chrome\User Data\Crashpad\attachments\0a05e2fb-2b93-4c39-b058-4820cdd857e4: The system cannot find the path specified. (0x3)
[0117/181248.287:ERROR:filesystem_win.cc(129)] GetFileAttributes C:\Users\belki\AppData\Local\Google\Chrome\User Data\Crashpad\attachments\0f99d57c-c046-478b-acc7-8fa6c7ac7cae: The system cannot find the path specified. (0x3)
[0117/181248.287:ERROR:filesystem_win.cc(129)] GetFileAttributes C:\Users\belki\AppData\Local\Google\Chrome\User Data\Crashpad\attachments\1ad9141a-cdca-4096-9363-95af76213171: The system cannot find the path specified. (0x3)
[0117/181248.287:ERROR:filesystem_win.cc(129)] GetFileAttributes C:\Users\belki\AppData\Local\Google\Chrome\User Data\Crashpad\attachments\2b999953-b69a-43ef-9527-56470ad269b6: The system cannot find the path specified. (0x3)
[0117/181248.287:ERROR:filesystem_win.cc(129)] GetFileAttributes C:\Users\belki\AppData\Local\Google\Chrome\User Data\Crashpad\attachments\50086bb0-2df7-4f52-930d-9b5a5f9c6b27: The system cannot find the path specified. (0x3)
[0117/181248.287:ERROR:filesystem_win.cc(129)] GetFileAttributes C:\Users\belki\AppData\Local\Google\Chrome\User Data\Crashpad\attachments\53e8a30b-0441-4279-b3ee-6ba1b9351056: The system cannot find the path specified. (0x3)
[0117/181248.291:ERROR:filesystem_win.cc(129)] GetFileAttributes C:\Users\belki\AppData\Local\Google\Chrome\User Data\Crashpad\attachments\83a7131d-a8a4-4678-9544-a56f78998399: The system cannot find the path specified. (0x3)
[0117/181248.291:ERROR:filesystem_win.cc(129)] GetFileAttributes C:\Users\belki\AppData\Local\Google\Chrome\User Data\Crashpad\attachments\9048ea44-e5a6-46fb-91ce-5a1cad5b42bc: The system cannot find the path specified. (0x3)
[0117/181248.291:ERROR:filesystem_win.cc(129)] GetFileAttributes C:\Users\belki\AppData\Local\Google\Chrome\User Data\Crashpad\attachments\937ea298-bc5e-422e-9c17-ce19a122d6dd: The system cannot find the path specified. (0x3)
[0117/181248.291:ERROR:filesystem_win.cc(129)] GetFileAttributes C:\Users\belki\AppData\Local\Google\Chrome\User Data\Crashpad\attachments\968e6d20-d0a0-42dd-bf94-d2bec28e170e: The system cannot find the path specified. (0x3)
[0117/181248.291:ERROR:filesystem_win.cc(129)] GetFileAttributes C:\Users\belki\AppData\Local\Google\Chrome\User Data\Crashpad\attachments\96d05c69-b5e8-465b-adde-94506de7bc9d: The system cannot find the path specified. (0x3)
[0117/181248.291:ERROR:filesystem_win.cc(129)] GetFileAttributes C:\Users\belki\AppData\Local\Google\Chrome\User Data\Crashpad\attachments\a837cff2-f867-49af-86e6-1d3680a98afa: The system cannot find the path specified. (0x3)
[0117/181248.291:ERROR:filesystem_win.cc(129)] GetFileAttributes C:\Users\belki\AppData\Local\Google\Chrome\User Data\Crashpad\attachments\a96fb2c7-89d7-4a0e-a488-0234956c33f4: The system cannot find the path specified. (0x3)
[0117/181248.291:ERROR:filesystem_win.cc(129)] GetFileAttributes C:\Users\belki\AppData\Local\Google\Chrome\User Data\Crashpad\attachments\aae5ea0e-4bd7-42e2-aedb-ad3c75b72d43: The system cannot find the path specified. (0x3)
[0117/181248.295:ERROR:filesystem_win.cc(129)] GetFileAttributes C:\Users\belki\AppData\Local\Google\Chrome\User Data\Crashpad\attachments\ba648e72-fbe4-4f75-bd94-8a0901a9ef42: The system cannot find the path specified. (0x3)
[0117/181248.295:ERROR:filesystem_win.cc(129)] GetFileAttributes C:\Users\belki\AppData\Local\Google\Chrome\User Data\Crashpad\attachments\c117f79f-fdfd-4414-8bec-6c51bad4f38e: The system cannot find the path specified. (0x3)
[0117/181248.295:ERROR:filesystem_win.cc(129)] GetFileAttributes C:\Users\belki\AppData\Local\Google\Chrome\User Data\Crashpad\attachments\c4e5ce16-59a6-4c5e-8c12-bd3c3230e254: The system cannot find the path specified. (0x3)
[0117/181248.295:ERROR:filesystem_win.cc(129)] GetFileAttributes C:\Users\belki\AppData\Local\Google\Chrome\User Data\Crashpad\attachments\cbe6b4a3-4a57-4b1d-92c0-60bcb56a5df2: The system cannot find the path specified. (0x3)
[0117/181248.295:ERROR:filesystem_win.cc(129)] GetFileAttributes C:\Users\belki\AppData\Local\Google\Chrome\User Data\Crashpad\attachments\d1e4425d-c41b-451e-9c4a-ff392a5b519f: The system cannot find the path specified. (0x3)
[0117/181248.295:ERROR:filesystem_win.cc(129)] GetFileAttributes C:\Users\belki\AppData\Local\Google\Chrome\User Data\Crashpad\attachments\d2afa585-81ef-4715-939c-f66607895db7: The system cannot find the path specified. (0x3)
[0117/181248.295:ERROR:filesystem_win.cc(129)] GetFileAttributes C:\Users\belki\AppData\Local\Google\Chrome\User Data\Crashpad\attachments\d633774a-4788-42da-ac5e-4acccb6c6704: The system cannot find the path specified. (0x3)
[0117/181248.295:ERROR:filesystem_win.cc(129)] GetFileAttributes C:\Users\belki\AppData\Local\Google\Chrome\User Data\Crashpad\attachments\dec04e12-ae7e-4a6d-945f-3de483146767: The system cannot find the path specified. (0x3)
[0117/181248.295:ERROR:filesystem_win.cc(129)] GetFileAttributes C:\Users\belki\AppData\Local\Google\Chrome\User Data\Crashpad\attachments\dee71c3d-330b-4f9f-999d-c24fbaaab021: The system cannot find the path specified. (0x3)
[0117/181248.295:ERROR:filesystem_win.cc(129)] GetFileAttributes C:\Users\belki\AppData\Local\Google\Chrome\User Data\Crashpad\attachments\df5e41ad-3625-467e-8338-92de47a062c2: The system cannot find the path specified. (0x3)
[0117/181248.295:ERROR:filesystem_win.cc(129)] GetFileAttributes C:\Users\belki\AppData\Local\Google\Chrome\User Data\Crashpad\attachments\ec3b3dfe-6373-4ec1-a6d9-2ac7cd680d9d: The system cannot find the path specified. (0x3)
[0117/181248.295:ERROR:filesystem_win.cc(129)] GetFileAttributes C:\Users\belki\AppData\Local\Google\Chrome\User Data\Crashpad\attachments\f8312190-6a91-48b1-97c6-5c63cbe09b55: The system cannot find the path specified. (0x3)
[0117/181248.295:ERROR:directory_reader_win.cc(43)] FindFirstFile: The system cannot find the path specified. (0x3)
[0117/181248.295:ERROR:crash_report_database_win.cc(455)] unexpected header
[0117/181248.295:ERROR:crash_report_database_win.cc(455)] unexpected header
[0117/181748.283:ERROR:crash_report_database_win.cc(455)] unexpected header
[0117/183248.296:ERROR:crash_report_database_win.cc(455)] unexpected header
[0117/184748.304:ERROR:crash_report_database_win.cc(455)] unexpected header
[0117/184930.458:ERROR:crash_report_database_win.cc(455)] unexpected header
[0117/190248.311:ERROR:crash_report_database_win.cc(455)] unexpected header
[0117/191748.322:ERROR:crash_report_database_win.cc(455)] unexpected header
[0117/193248.332:ERROR:crash_report_database_win.cc(455)] unexpected header
[0117/194748.341:ERROR:crash_report_database_win.cc(455)] unexpected header
[0117/200248.348:ERROR:crash_report_database_win.cc(455)] unexpected header
[0117/201748.361:ERROR:crash_report_database_win.cc(455)] unexpected header
[0117/202903.593:ERROR:crash_report_database_win.cc(455)] unexpected header
[0117/203248.373:ERROR:crash_report_database_win.cc(455)] unexpected header
[0117/204748.376:ERROR:crash_report_database_win.cc(455)] unexpected header
[0117/210248.385:ERROR:crash_report_database_win.cc(455)] unexpected header
[0117/211748.395:ERROR:crash_report_database_win.cc(455)] unexpected header
[0117/213248.404:ERROR:crash_report_database_win.cc(455)] unexpected header
[0117/214748.408:ERROR:crash_report_database_win.cc(455)] unexpected header
[0117/220248.416:ERROR:crash_report_database_win.cc(455)] unexpected header
[0117/221757.094:ERROR:crash_report_database_win.cc(455)] unexpected header
[0117/223257.103:ERROR:crash_report_database_win.cc(455)] unexpected header
[0117/224757.116:ERROR:crash_report_database_win.cc(455)] unexpected header
[0117/230257.128:ERROR:crash_report_database_win.cc(455)] unexpected header
[0117/231757.128:ERROR:crash_report_database_win.cc(455)] unexpected header
[0117/233257.141:ERROR:crash_report_database_win.cc(455)] unexpected header
[0117/234757.156:ERROR:crash_report_database_win.cc(455)] unexpected header
[0118/000257.157:ERROR:crash_report_database_win.cc(455)] unexpected header
[0118/081528.273:ERROR:crash_report_database_win.cc(455)] unexpected header
[0118/083028.286:ERROR:crash_report_database_win.cc(455)] unexpected header
[0118/084528.288:ERROR:crash_report_database_win.cc(455)] unexpected header
[0118/085708.322:ERROR:crash_report_database_win.cc(455)] unexpected header
[0118/090028.300:ERROR:crash_report_database_win.cc(455)] unexpected header
[0118/091528.313:ERROR:crash_report_database_win.cc(455)] unexpected header
[0118/093028.320:ERROR:crash_report_database_win.cc(455)] unexpected header
[0118/093332.712:ERROR:crash_report_database_win.cc(455)] unexpected header
[0118/094528.327:ERROR:crash_report_database_win.cc(455)] unexpected header
[0118/100028.337:ERROR:crash_report_database_win.cc(455)] unexpected header
[0118/101528.352:ERROR:crash_report_database_win.cc(455)] unexpected header
[0118/103028.366:ERROR:crash_report_database_win.cc(455)] unexpected header
[0118/104528.380:ERROR:crash_report_database_win.cc(455)] unexpected header
[0118/110028.385:ERROR:crash_report_database_win.cc(455)] unexpected header
[0118/110953.222:ERROR:crash_report_database_win.cc(455)] unexpected header
[0118/111528.392:ERROR:crash_report_database_win.cc(455)] unexpected header
[0118/112408.855:ERROR:crash_report_database_win.cc(455)] unexpected header
[0118/113029.542:ERROR:crash_report_database_win.cc(455)] unexpected header
[0118/114529.543:ERROR:crash_report_database_win.cc(455)] unexpected header
[0118/120029.552:ERROR:crash_report_database_win.cc(455)] unexpected header
[0118/121529.555:ERROR:crash_report_database_win.cc(455)] unexpected header
[0118/123029.557:ERROR:crash_report_database_win.cc(455)] unexpected header
[0118/124529.565:ERROR:crash_report_database_win.cc(455)] unexpected header
[0118/130029.566:ERROR:crash_report_database_win.cc(455)] unexpected header
[0118/131529.568:ERROR:crash_report_database_win.cc(455)] unexpected header
[0118/133029.583:ERROR:crash_report_database_win.cc(455)] unexpected header
[0118/134529.595:ERROR:crash_report_database_win.cc(455)] unexpected header
[0118/140029.598:ERROR:crash_report_database_win.cc(455)] unexpected header
[0118/141529.611:ERROR:crash_report_database_win.cc(455)] unexpected header
[0118/143029.614:ERROR:crash_report_database_win.cc(455)] unexpected header
[0118/144529.626:ERROR:crash_report_database_win.cc(455)] unexpected header
[0118/150029.634:ERROR:crash_report_database_win.cc(455)] unexpected header
[0118/151536.847:ERROR:crash_report_database_win.cc(455)] unexpected header
[0118/153036.851:ERROR:crash_report_database_win.cc(455)] unexpected header
[0118/154536.861:ERROR:crash_report_database_win.cc(455)] unexpected header
[0118/155245.957:ERROR:crash_report_database_win.cc(455)] unexpected header
[0118/160036.870:ERROR:crash_report_database_win.cc(455)] unexpected header
[0118/161536.878:ERROR:crash_report_database_win.cc(455)] unexpected header
[0118/163036.887:ERROR:crash_report_database_win.cc(455)] unexpected header
[0118/164536.895:ERROR:crash_report_database_win.cc(455)] unexpected header
[0118/170036.906:ERROR:crash_report_database_win.cc(455)] unexpected header
[0118/171536.913:ERROR:crash_report_database_win.cc(455)] unexpected header
[0118/173036.920:ERROR:crash_report_database_win.cc(455)] unexpected header
[0118/174536.930:ERROR:crash_report_database_win.cc(455)] unexpected header
[0118/180036.940:ERROR:crash_report_database_win.cc(455)] unexpected header
[0118/180325.257:ERROR:crash_report_database_win.cc(455)] unexpected header
[0118/181129.753:ERROR:crash_report_database_win.cc(455)] unexpected header
[0118/181440.252:ERROR:crash_report_database_win.cc(455)] unexpected header
[0118/181527.538:ERROR:crash_report_database_win.cc(455)] unexpected header
[0118/181536.947:ERROR:crash_report_database_win.cc(455)] unexpected header
[0118/183036.951:ERROR:crash_report_database_win.cc(455)] unexpected header
[0118/184536.961:ERROR:crash_report_database_win.cc(455)] unexpected header
[0118/190036.973:ERROR:crash_report_database_win.cc(455)] unexpected header
[0118/191536.979:ERROR:crash_report_database_win.cc(455)] unexpected header
[0118/193036.984:ERROR:crash_report_database_win.cc(455)] unexpected header
[0118/194536.989:ERROR:crash_report_database_win.cc(455)] unexpected header
[0118/200036.992:ERROR:crash_report_database_win.cc(455)] unexpected header
[0118/201536.999:ERROR:crash_report_database_win.cc(455)] unexpected header
[0118/203037.011:ERROR:crash_report_database_win.cc(455)] unexpected header
[0118/204537.015:ERROR:crash_report_database_win.cc(455)] unexpected header
[0118/210037.018:ERROR:crash_report_database_win.cc(455)] unexpected header
[0118/211537.018:ERROR:crash_report_database_win.cc(455)] unexpected header
[0118/213037.022:ERROR:crash_report_database_win.cc(455)] unexpected header
[0118/214537.025:ERROR:crash_report_database_win.cc(455)] unexpected header
[0118/220037.036:ERROR:crash_report_database_win.cc(455)] unexpected header
[0118/221537.040:ERROR:crash_report_database_win.cc(455)] unexpected header
[0118/223037.044:ERROR:crash_report_database_win.cc(455)] unexpected header
[0118/224537.053:ERROR:crash_report_database_win.cc(455)] unexpected header
[0118/230037.067:ERROR:crash_report_database_win.cc(455)] unexpected header
[0118/231537.069:ERROR:crash_report_database_win.cc(455)] unexpected header
[0118/233037.082:ERROR:crash_report_database_win.cc(455)] unexpected header
[0118/234537.089:ERROR:crash_report_database_win.cc(455)] unexpected header
[0119/000037.103:ERROR:crash_report_database_win.cc(455)] unexpected header
[0119/001537.107:ERROR:crash_report_database_win.cc(455)] unexpected header
[0119/003037.111:ERROR:crash_report_database_win.cc(455)] unexpected header
[0119/004537.113:ERROR:crash_report_database_win.cc(455)] unexpected header
[0119/010037.122:ERROR:crash_report_database_win.cc(455)] unexpected header
[0119/011537.122:ERROR:crash_report_database_win.cc(455)] unexpected header
[0119/013037.128:ERROR:crash_report_database_win.cc(455)] unexpected header
[0119/014537.142:ERROR:crash_report_database_win.cc(455)] unexpected header
[0119/020046.866:ERROR:crash_report_database_win.cc(455)] unexpected header
[0119/021046.152:ERROR:crash_report_database_win.cc(455)] unexpected header
[0119/021046.153:ERROR:directory_reader_win.cc(43)] FindFirstFile: The system cannot find the path specified. (0x3)
[0119/021046.153:ERROR:crash_report_database_win.cc(455)] unexpected header
[0119/021046.153:ERROR:crash_report_database_win.cc(455)] unexpected header
[0119/021546.878:ERROR:crash_report_database_win.cc(455)] unexpected header
[0119/023046.888:ERROR:crash_report_database_win.cc(455)] unexpected header
[0119/024546.902:ERROR:crash_report_database_win.cc(455)] unexpected header
[0119/030046.909:ERROR:crash_report_database_win.cc(455)] unexpected header
[0119/031546.913:ERROR:crash_report_database_win.cc(455)] unexpected header
[0119/033046.922:ERROR:crash_report_database_win.cc(455)] unexpected header
[0119/034546.925:ERROR:crash_report_database_win.cc(455)] unexpected header
[0119/040046.935:ERROR:crash_report_database_win.cc(455)] unexpected header
[0119/041546.945:ERROR:crash_report_database_win.cc(455)] unexpected header
[0119/043046.953:ERROR:crash_report_database_win.cc(455)] unexpected header
[0119/044546.968:ERROR:crash_report_database_win.cc(455)] unexpected header
[0119/050046.977:ERROR:crash_report_database_win.cc(455)] unexpected header
[0119/051546.984:ERROR:crash_report_database_win.cc(455)] unexpected header
[0119/053046.999:ERROR:crash_report_database_win.cc(455)] unexpected header
[0119/054547.008:ERROR:crash_report_database_win.cc(455)] unexpected header
[0119/060047.011:ERROR:crash_report_database_win.cc(455)] unexpected header
[0119/061547.020:ERROR:crash_report_database_win.cc(455)] unexpected header
[0119/063047.025:ERROR:crash_report_database_win.cc(455)] unexpected header
[0119/064547.036:ERROR:crash_report_database_win.cc(455)] unexpected header
[0119/070047.046:ERROR:crash_report_database_win.cc(455)] unexpected header
[0119/071547.055:ERROR:crash_report_database_win.cc(455)] unexpected header
[0119/073047.061:ERROR:crash_report_database_win.cc(455)] unexpected header
[0119/074547.064:ERROR:crash_report_database_win.cc(455)] unexpected header
[0119/080047.073:ERROR:crash_report_database_win.cc(455)] unexpected header
[0119/081547.087:ERROR:crash_report_database_win.cc(455)] unexpected header
[0119/083047.101:ERROR:crash_report_database_win.cc(455)] unexpected header
[0119/084547.116:ERROR:crash_report_database_win.cc(455)] unexpected header
[0119/090047.120:ERROR:crash_report_database_win.cc(455)] unexpected header
[0119/091547.126:ERROR:crash_report_database_win.cc(455)] unexpected header
[0119/093047.132:ERROR:crash_report_database_win.cc(455)] unexpected header
[0119/094547.149:ERROR:crash_report_database_win.cc(455)] unexpected header
[0119/095402.965:ERROR:crash_report_database_win.cc(455)] unexpected header
[0119/100047.157:ERROR:crash_report_database_win.cc(455)] unexpected header
[0119/101547.161:ERROR:crash_report_database_win.cc(455)] unexpected header
[0119/103047.169:ERROR:crash_report_database_win.cc(455)] unexpected header
[0119/103942.823:ERROR:crash_report_database_win.cc(455)] unexpected header
[0119/104547.181:ERROR:crash_report_database_win.cc(455)] unexpected header
[0119/110047.194:ERROR:crash_report_database_win.cc(455)] unexpected header
[0119/150350.294:ERROR:crash_report_database_win.cc(455)] unexpected header
[0119/152850.053:ERROR:crash_report_database_win.cc(455)] unexpected header
[0119/153649.759:ERROR:crash_report_database_win.cc(455)] unexpected header
[0119/191218.353:ERROR:crash_report_database_win.cc(455)] unexpected header
[0119/195349.783:ERROR:crash_report_database_win.cc(455)] unexpected header
[0119/210828.114:ERROR:crash_report_database_win.cc(455)] unexpected header
[0120/093740.475:ERROR:crash_report_database_win.cc(455)] unexpected header
[0120/100128.351:ERROR:crash_report_database_win.cc(455)] unexpected header
[0120/103100.272:ERROR:crash_report_database_win.cc(455)] unexpected header
[0120/104042.171:ERROR:crash_report_database_win.cc(455)] unexpected header
[0120/111320.368:ERROR:crash_report_database_win.cc(455)] unexpected header
[0120/112610.381:ERROR:crash_report_database_win.cc(455)] unexpected header
[0120/112721.950:ERROR:crash_report_database_win.cc(455)] unexpected header
[0121/114458.622:ERROR:crash_report_database_win.cc(455)] unexpected header
[0121/122558.676:ERROR:crash_report_database_win.cc(455)] unexpected header
[0121/125812.900:ERROR:crash_report_database_win.cc(455)] unexpected header
[0121/130612.485:ERROR:crash_report_database_win.cc(455)] unexpected header
[0121/131728.483:ERROR:crash_report_database_win.cc(455)] unexpected header
[0121/135418.995:ERROR:crash_report_database_win.cc(455)] unexpected header
[0121/140017.828:ERROR:crash_report_database_win.cc(455)] unexpected header
[0121/232754.848:ERROR:crash_report_database_win.cc(455)] unexpected header
[0122/000053.950:ERROR:crash_report_database_win.cc(455)] unexpected header
[0122/001559.762:ERROR:crash_report_database_win.cc(455)] unexpected header
[0122/162250.463:ERROR:crash_report_database_win.cc(455)] unexpected header
[0122/164247.267:ERROR:crash_report_database_win.cc(455)] unexpected header
[0122/180433.192:ERROR:crash_report_database_win.cc(455)] unexpected header
[0122/185553.917:ERROR:crash_report_database_win.cc(455)] unexpected header
[0123/180428.535:ERROR:crash_report_database_win.cc(455)] unexpected header
[0124/170015.076:ERROR:crash_report_database_win.cc(455)] unexpected header
[0125/122615.900:ERROR:crash_report_database_win.cc(455)] unexpected header
[0125/123704.701:ERROR:crash_report_database_win.cc(455)] unexpected header
[0125/130408.473:ERROR:crash_report_database_win.cc(455)] unexpected header
[0125/152613.825:ERROR:crash_report_database_win.cc(455)] unexpected header
[0125/180048.542:ERROR:crash_report_database_win.cc(455)] unexpected header
[0125/182147.825:ERROR:crash_report_database_win.cc(455)] unexpected header
[0125/185544.635:ERROR:crash_report_database_win.cc(455)] unexpected header
[0125/185737.778:ERROR:crash_report_database_win.cc(455)] unexpected header
[0125/191903.546:ERROR:crash_report_database_win.cc(455)] unexpected header
[0201/113436.933:ERROR:directory_reader_win.cc(43)] FindFirstFile: The system cannot find the path specified. (0x3)
[0202/200824.273:ERROR:directory_reader_win.cc(43)] FindFirstFile: The system cannot find the path specified. (0x3)
